c:\users\amirdado\source\repos\syracuse\syracuse\x64\debug\vc142.pdb
c:\users\amirdado\source\repos\syracuse\syracuse\x64\debug\vc142.idb
c:\users\amirdado\source\repos\syracuse\syracuse\x64\debug\syracuse.obj
c:\users\amirdado\source\repos\syracuse\syracuse\x64\debug\lidar_sample.obj
c:\users\amirdado\source\repos\syracuse\syracuse\x64\debug\data_combin.obj
c:\users\amirdado\source\repos\syracuse\syracuse\x64\debug\state.obj
c:\users\amirdado\source\repos\syracuse\syracuse\x64\debug\frame.obj
c:\users\amirdado\source\repos\syracuse\syracuse\x64\debug\data_maneger.obj
c:\users\amirdado\source\repos\syracuse\syracuse\x64\debug\compers.obj
c:\users\amirdado\source\repos\syracuse\syracuse\x64\debug\motion_manager.obj
c:\users\amirdado\source\repos\syracuse\syracuse\x64\debug\main.obj
c:\users\amirdado\source\repos\syracuse\syracuse\x64\debug\pointcloud_handler.obj
c:\users\amirdado\source\repos\syracuse\x64\debug\syracuse.exe
c:\users\amirdado\source\repos\syracuse\x64\debug\syracuse.ilk
c:\users\amirdado\source\repos\syracuse\x64\debug\syracuse.pdb
c:\users\amirdado\source\repos\syracuse\syracuse\x64\debug\data_combin.obj.enc
c:\users\amirdado\source\repos\syracuse\syracuse\x64\debug\frame.obj.enc
c:\users\amirdado\source\repos\syracuse\syracuse\x64\debug\state.obj.enc
c:\users\amirdado\source\repos\syracuse\syracuse\x64\debug\syracuse.obj.enc
c:\users\amirdado\source\repos\syracuse\syracuse\x64\debug\syracuse.tlog\cl.command.1.tlog
c:\users\amirdado\source\repos\syracuse\syracuse\x64\debug\syracuse.tlog\cl.read.1.tlog
c:\users\amirdado\source\repos\syracuse\syracuse\x64\debug\syracuse.tlog\cl.write.1.tlog
c:\users\amirdado\source\repos\syracuse\syracuse\x64\debug\syracuse.tlog\link.command.1.tlog
c:\users\amirdado\source\repos\syracuse\syracuse\x64\debug\syracuse.tlog\link.read.1.tlog
c:\users\amirdado\source\repos\syracuse\syracuse\x64\debug\syracuse.tlog\link.write.1.tlog
